<?xml version="1.0" encoding="UTF-8"?>
<!-- Generated by org.testng.reporters.JUnitXMLReporter -->
<testsuite hostname="INLTP-Suresh" ignored="0" name="CTS_001" tests="6" failures="0" timestamp="03 Jul 2019 10:02:34 GMT" time="14.578" errors="0">
  <testcase name="@BeforeClass preCondition" time="14.546" classname="testScripts.CTS_001_BasicTCs">
    <failure type="org.openqa.selenium.WebDriverException" message="unknown error: keys should be a string
  (Session info: chrome=74.0.3729.131)
  (Driver info: chromedriver=2.36.540470 (e522d04694c7ebea4ba8821272dbef4f9b818c91),platform=Windows NT 6.1.7601 SP1 x86_64) (WARNING: The server did not provide any stacktrace information)
Command duration or timeout: 31 milliseconds
Build info: version: &amp;apos;3.4.0&amp;apos;, revision: &amp;apos;unknown&amp;apos;, time: &amp;apos;unknown&amp;apos;
System info: host: &amp;apos;INLTP-SURESH&amp;apos;, ip: &amp;apos;10.225.10.136&amp;apos;, os.name: &amp;apos;Windows 7&amp;apos;, os.arch: &amp;apos;amd64&amp;apos;, os.version: &amp;apos;6.1&amp;apos;, java.version: &amp;apos;1.8.0_162&amp;apos;
Driver info: org.openqa.selenium.chrome.ChromeDriver
Capabilities [{applicationCacheEnabled=false, rotatable=false, mobileEmulationEnabled=false, networkConnectionEnabled=false, chrome={chromedriverVersion=2.36.540470 (e522d04694c7ebea4ba8821272dbef4f9b818c91), userDataDir=C:\Users\SBAVIH~1\AppData\Local\Temp\scoped_dir15388_822}, takesHeapSnapshot=true, pageLoadStrategy=normal, databaseEnabled=false, handlesAlerts=true, hasTouchScreen=false, version=74.0.3729.131, platform=XP, browserConnectionEnabled=false, nativeEvents=true, acceptSslCerts=false, acceptInsecureCerts=false, locationContextEnabled=true, webStorageEnabled=true, browserName=chrome, takesScreenshot=true, javascriptEnabled=true, cssSelectorsEnabled=true, setWindowRect=true, unexpectedAlertBehaviour=}]
Session ID: 0a0d5062fd97e97fe458c93443225a69">
      <![CDATA[org.openqa.selenium.WebDriverException: unknown error: keys should be a string
  (Session info: chrome=74.0.3729.131)
  (Driver info: chromedriver=2.36.540470 (e522d04694c7ebea4ba8821272dbef4f9b818c91),platform=Windows NT 6.1.7601 SP1 x86_64) (WARNING: The server did not provide any stacktrace information)
Command duration or timeout: 31 milliseconds
Build info: version: '3.4.0', revision: 'unknown', time: 'unknown'
System info: host: 'INLTP-SURESH', ip: '10.225.10.136', os.name: 'Windows 7', os.arch: 'amd64', os.version: '6.1', java.version: '1.8.0_162'
Driver info: org.openqa.selenium.chrome.ChromeDriver
Capabilities [{applicationCacheEnabled=false, rotatable=false, mobileEmulationEnabled=false, networkConnectionEnabled=false, chrome={chromedriverVersion=2.36.540470 (e522d04694c7ebea4ba8821272dbef4f9b818c91), userDataDir=C:\Users\SBAVIH~1\AppData\Local\Temp\scoped_dir15388_822}, takesHeapSnapshot=true, pageLoadStrategy=normal, databaseEnabled=false, handlesAlerts=true, hasTouchScreen=false, version=74.0.3729.131, platform=XP, browserConnectionEnabled=false, nativeEvents=true, acceptSslCerts=false, acceptInsecureCerts=false, locationContextEnabled=true, webStorageEnabled=true, browserName=chrome, takesScreenshot=true, javascriptEnabled=true, cssSelectorsEnabled=true, setWindowRect=true, unexpectedAlertBehaviour=}]
Session ID: 0a0d5062fd97e97fe458c93443225a69
	at org.openqa.selenium.remote.ErrorHandler.createThrowable(ErrorHandler.java:215)
	at org.openqa.selenium.remote.ErrorHandler.throwIfResponseFailed(ErrorHandler.java:167)
	at org.openqa.selenium.remote.RemoteWebDriver.execute(RemoteWebDriver.java:671)
	at org.openqa.selenium.remote.RemoteWebElement.execute(RemoteWebElement.java:272)
	at org.openqa.selenium.remote.RemoteWebElement.sendKeys(RemoteWebElement.java:96)
	at automationLibrary.Element.SendKeys(Element.java:416)
	at pageFactory.LoginPage.loginToApp(LoginPage.java:57)
	at testScripts.CTS_001_BasicTCs.preCondition(CTS_001_BasicTCs.java:45)
... Removed 29 stack frames]]>
    </failure>
  </testcase> <!-- @BeforeClass preCondition -->
  <testcase name="createAccount" time="0.0" classname="testScripts.CTS_001_BasicTCs">
    <skipped/>
  </testcase> <!-- createAccount -->
  <testcase name="backInEditPage" time="0.0" classname="testScripts.CTS_001_BasicTCs">
    <skipped/>
  </testcase> <!-- backInEditPage -->
  <testcase name="editAccount" time="0.0" classname="testScripts.CTS_001_BasicTCs">
    <skipped/>
  </testcase> <!-- editAccount -->
  <testcase name="deleteAccount" time="0.0" classname="testScripts.CTS_001_BasicTCs">
    <skipped/>
  </testcase> <!-- deleteAccount -->
  <testcase name="cancelInCreatePage" time="0.0" classname="testScripts.CTS_001_BasicTCs">
    <skipped/>
  </testcase> <!-- cancelInCreatePage -->
  <testcase name="deleteInEditpage" time="0.0" classname="testScripts.CTS_001_BasicTCs">
    <skipped/>
  </testcase> <!-- deleteInEditpage -->
</testsuite> <!-- CTS_001 -->
