<!DOCTYPE html PUBLIC "-//W3C//DTD XHTML 1.1//EN" "http://www.w3.org/TR/xhtml11/DTD/xhtml11.dtd">
<html xmlns="http://www.w3.org/1999/xhtml"><head><title>TestNG Report</title><style type="text/css">table {margin-bottom:10px;border-collapse:collapse;empty-cells:show}th,td {border:1px solid #009;padding:.25em .5em}th {vertical-align:bottom}td {vertical-align:top}table a {font-weight:bold}.stripe td {background-color: #E6EBF9}.num {text-align:right}.passedodd td {background-color: #3F3}.passedeven td {background-color: #0A0}.skippedodd td {background-color: #DDD}.skippedeven td {background-color: #CCC}.failedodd td,.attn {background-color: #F33}.failedeven td,.stripe .attn {background-color: #D00}.stacktrace {white-space:pre;font-family:monospace}.totop {font-size:85%;text-align:center;border-bottom:2px solid #000}</style></head><body><table><tr><th>Test</th><th># Passed</th><th># Skipped</th><th># Failed</th><th>Time (ms)</th><th>Included Groups</th><th>Excluded Groups</th></tr><tr><th colspan="7">Suite</th></tr><tr><td><a href="#t0">Validate thuisbezorgd.nl test cases</a></td><td class="num">0</td><td class="num">0</td><td class="num">0</td><td class="num">4</td><td></td><td></td></tr><tr class="stripe"><td><a href="#t1">AccountCreations Test Scripts</a></td><td class="num">3</td><td class="num">0</td><td class="num attn">1</td><td class="num">141,890</td><td></td><td></td></tr><tr><td><a href="#t2">PlacingOrders Test Scripts</a></td><td class="num">4</td><td class="num">0</td><td class="num attn">1</td><td class="num">473,639</td><td></td><td></td></tr><tr class="stripe"><td><a href="#t3">Cart Test Scripts</a></td><td class="num">1</td><td class="num">0</td><td class="num">0</td><td class="num">66,457</td><td></td><td></td></tr><tr><th>Total</th><th class="num">8</th><th class="num">0</th><th class="num attn">2</th><th class="num">681,990</th><th colspan="2"></th></tr></table><table id='summary'><thead><tr><th>Class</th><th>Method</th><th>Start</th><th>Time (ms)</th></tr></thead><tbody><tr><th colspan="4">Suite</th></tr></tbody><tbody id="t0"></tbody><tbody id="t1"><tr><th colspan="4">AccountCreations Test Scripts &#8212; failed</th></tr><tr class="failedeven"><td rowspan="1">testScripts.TA_01_AccountCreations</td><td><a href="#m0">tryToLoginWithoutActivatingAccount</a></td><td rowspan="1">1562531360500</td><td rowspan="1">35451</td></tr><tr><th colspan="4">AccountCreations Test Scripts &#8212; passed</th></tr><tr class="passedeven"><td rowspan="3">testScripts.TA_01_AccountCreations</td><td><a href="#m1">createDuplicateAccount</a></td><td rowspan="1">1562531270819</td><td rowspan="1">9140</td></tr><tr class="passedeven"><td><a href="#m2">madatoryFiledsWhileCreatingAnAccount</a></td><td rowspan="1">1562531290806</td><td rowspan="1">29329</td></tr><tr class="passedeven"><td><a href="#m3">successfulAccountCreation</a></td><td rowspan="1">1562531331975</td><td rowspan="1">17229</td></tr></tbody><tbody id="t2"><tr><th colspan="4">PlacingOrders Test Scripts &#8212; failed</th></tr><tr class="failedeven"><td rowspan="1">testScripts.TA_03_PlacingOrders</td><td><a href="#m4">addMealsToCartInTwoRestaurantsAndOrderFromOne</a></td><td rowspan="1">1562531408535</td><td rowspan="1">96097</td></tr><tr><th colspan="4">PlacingOrders Test Scripts &#8212; passed</th></tr><tr class="passedeven"><td rowspan="4">testScripts.TA_03_PlacingOrders</td><td><a href="#m5">addingItemsToCartInTwoRestaurants</a></td><td rowspan="1">1562531514605</td><td rowspan="1">46420</td></tr><tr class="passedeven"><td><a href="#m6">modeOfPayments_TransactionCharges</a></td><td rowspan="1">1562531571361</td><td rowspan="1">52349</td></tr><tr class="passedeven"><td><a href="#m7">orderTroughUserAccountUsingContantPaymentMode</a></td><td rowspan="1">1562531635402</td><td rowspan="1">177913</td></tr><tr class="passedeven"><td><a href="#m8">placeOrderWithoutAnAccount</a></td><td rowspan="1">1562531822696</td><td rowspan="1">46652</td></tr></tbody><tbody id="t3"><tr><th colspan="4">Cart Test Scripts &#8212; passed</th></tr><tr class="passedeven"><td rowspan="1">testScripts.TA_02_CartValidation</td><td><a href="#m9">buttonsOnCart</a></td><td rowspan="1">1562531887221</td><td rowspan="1">49770</td></tr></tbody></table><h2>Validate thuisbezorgd.nl test cases</h2><h2>AccountCreations Test Scripts</h2><h3 id="m0">testScripts.TA_01_AccountCreations#tryToLoginWithoutActivatingAccount</h3><table class="result"><tr><th>Exception</th></tr><tr><td><div class="stacktrace">org.openqa.selenium.NoSuchElementException: Timed out after 15 seconds. Unable to locate the element
	at org.openqa.selenium.support.pagefactory.AjaxElementLocator.findElement(AjaxElementLocator.java:91)
	at org.openqa.selenium.support.pagefactory.internal.LocatingElementHandler.invoke(LocatingElementHandler.java:38)
	at com.sun.proxy.$Proxy13.click(Unknown Source)
	at pageFactory.LoginPage.loginToApp(LoginPage.java:110)
	at testScripts.TA_01_AccountCreations.tryToLoginWithoutActivatingAccount(TA_01_AccountCreations.java:141)
Caused by: org.openqa.selenium.NoSuchElementException: no such element: Unable to locate element: {&quot;method&quot;:&quot;xpath&quot;,&quot;selector&quot;:&quot;//*[@id=&apos;userpanel-wrapper&apos;]/section/button&quot;}
  (Session info: chrome=74.0.3729.131)
  (Driver info: chromedriver=74.0.3729.6 (255758eccf3d244491b8a1317aa76e1ce10d57e9-refs/branch-heads/3729@{#29}),platform=Windows NT 6.1.7601 SP1 x86_64) (WARNING: The server did not provide any stacktrace information)
Command duration or timeout: 37 milliseconds
For documentation on this error, please visit: http://seleniumhq.org/exceptions/no_such_element.html
Build info: version: &apos;3.4.0&apos;, revision: &apos;unknown&apos;, time: &apos;unknown&apos;
System info: host: &apos;INLTP-SURESH&apos;, ip: &apos;192.168.1.2&apos;, os.name: &apos;Windows 7&apos;, os.arch: &apos;amd64&apos;, os.version: &apos;6.1&apos;, java.version: &apos;1.8.0_162&apos;
Driver info: org.openqa.selenium.chrome.ChromeDriver
Capabilities [{mobileEmulationEnabled=false, timeouts={implicit=0.0, pageLoad=300000.0, script=30000.0}, hasTouchScreen=false, platform=XP, acceptSslCerts=false, goog:chromeOptions={debuggerAddress=localhost:64477}, acceptInsecureCerts=false, webStorageEnabled=true, browserName=chrome, takesScreenshot=true, javascriptEnabled=true, setWindowRect=true, unexpectedAlertBehaviour=ignore, applicationCacheEnabled=false, rotatable=false, networkConnectionEnabled=false, chrome={chromedriverVersion=74.0.3729.6 (255758eccf3d244491b8a1317aa76e1ce10d57e9-refs/branch-heads/3729@{#29}), userDataDir=C:\Users\SBAVIH~1\AppData\Local\Temp\scoped_dir17484_2069}, takesHeapSnapshot=true, pageLoadStrategy=normal, strictFileInteractability=false, databaseEnabled=false, handlesAlerts=true, version=74.0.3729.131, browserConnectionEnabled=false, proxy=Proxy(), nativeEvents=true, locationContextEnabled=true, cssSelectorsEnabled=true}]
Session ID: 67736de629628a8e03eb9559045b6954
*** Element info: {Using=xpath, value=//*[@id=&apos;userpanel-wrapper&apos;]/section/button}
	at org.openqa.selenium.remote.ErrorHandler.createThrowable(ErrorHandler.java:215)
	at org.openqa.selenium.remote.ErrorHandler.throwIfResponseFailed(ErrorHandler.java:167)
	at org.openqa.selenium.remote.RemoteWebDriver.execute(RemoteWebDriver.java:671)
	at org.openqa.selenium.remote.RemoteWebDriver.findElement(RemoteWebDriver.java:410)
	at org.openqa.selenium.remote.RemoteWebDriver.findElementByXPath(RemoteWebDriver.java:509)
	at org.openqa.selenium.By$ByXPath.findElement(By.java:361)
	at org.openqa.selenium.remote.RemoteWebDriver.findElement(RemoteWebDriver.java:402)
	at org.openqa.selenium.support.pagefactory.DefaultElementLocator.findElement(DefaultElementLocator.java:69)
	at org.openqa.selenium.support.pagefactory.AjaxElementLocator.access$001(AjaxElementLocator.java:41)
	at org.openqa.selenium.support.pagefactory.AjaxElementLocator$SlowLoadingElement.isLoaded(AjaxElementLocator.java:157)
	at org.openqa.selenium.support.ui.SlowLoadableComponent.get(SlowLoadableComponent.java:70)
	at org.openqa.selenium.support.pagefactory.AjaxElementLocator.findElement(AjaxElementLocator.java:87)
	... 29 more
... Removed 28 stack frames</div></td></tr></table><p class="totop"><a href="#summary">back to summary</a></p><h3 id="m1">testScripts.TA_01_AccountCreations#createDuplicateAccount</h3><table class="result"></table><p class="totop"><a href="#summary">back to summary</a></p><h3 id="m2">testScripts.TA_01_AccountCreations#madatoryFiledsWhileCreatingAnAccount</h3><table class="result"></table><p class="totop"><a href="#summary">back to summary</a></p><h3 id="m3">testScripts.TA_01_AccountCreations#successfulAccountCreation</h3><table class="result"></table><p class="totop"><a href="#summary">back to summary</a></p><h2>PlacingOrders Test Scripts</h2><h3 id="m4">testScripts.TA_03_PlacingOrders#addMealsToCartInTwoRestaurantsAndOrderFromOne</h3><table class="result"><tr><th>Exception</th></tr><tr><td><div class="stacktrace">java.lang.AssertionError: expected [true] but found [false]
	at pageFactory.Meals.validateCart(Meals.java:106)
	at testScripts.TA_03_PlacingOrders.addMealsToCartInTwoRestaurantsAndOrderFromOne(TA_03_PlacingOrders.java:372)
... Removed 29 stack frames</div></td></tr></table><p class="totop"><a href="#summary">back to summary</a></p><h3 id="m5">testScripts.TA_03_PlacingOrders#addingItemsToCartInTwoRestaurants</h3><table class="result"></table><p class="totop"><a href="#summary">back to summary</a></p><h3 id="m6">testScripts.TA_03_PlacingOrders#modeOfPayments_TransactionCharges</h3><table class="result"></table><p class="totop"><a href="#summary">back to summary</a></p><h3 id="m7">testScripts.TA_03_PlacingOrders#orderTroughUserAccountUsingContantPaymentMode</h3><table class="result"></table><p class="totop"><a href="#summary">back to summary</a></p><h3 id="m8">testScripts.TA_03_PlacingOrders#placeOrderWithoutAnAccount</h3><table class="result"></table><p class="totop"><a href="#summary">back to summary</a></p><h2>Cart Test Scripts</h2><h3 id="m9">testScripts.TA_02_CartValidation#buttonsOnCart</h3><table class="result"></table><p class="totop"><a href="#summary">back to summary</a></p></body></html>